0 info it worked if it ends with ok
1 verbose cli [ 'node',
1 verbose cli   '/usr/local/bin/npm',
1 verbose cli   'install',
1 verbose cli   '--save-dev',
1 verbose cli   '6to5ify' ]
2 info using npm@1.4.28
3 info using node@v0.10.35
4 verbose cache add [ '6to5ify', null ]
5 verbose cache add name=undefined spec="6to5ify" args=["6to5ify",null]
6 verbose parsed url { protocol: null,
6 verbose parsed url   slashes: null,
6 verbose parsed url   auth: null,
6 verbose parsed url   host: null,
6 verbose parsed url   port: null,
6 verbose parsed url   hostname: null,
6 verbose parsed url   hash: null,
6 verbose parsed url   search: null,
6 verbose parsed url   query: null,
6 verbose parsed url   pathname: '6to5ify',
6 verbose parsed url   path: '6to5ify',
6 verbose parsed url   href: '6to5ify' }
7 silly lockFile ea4dbbc0-6to5ify 6to5ify
8 verbose lock 6to5ify /Users/ADM/.npm/ea4dbbc0-6to5ify.lock
9 silly lockFile ea4dbbc0-6to5ify 6to5ify
10 error Error: Attempt to unlock 6to5ify, which hasn't been locked
10 error     at unlock (/usr/local/lib/node_modules/npm/lib/utils/locker.js:44:11)
10 error     at cb (/usr/local/lib/node_modules/npm/lib/cache/add-local.js:30:5)
10 error     at /usr/local/lib/node_modules/npm/lib/cache/add-local.js:47:20
10 error     at /usr/local/lib/node_modules/npm/lib/utils/locker.js:30:7
10 error     at cb (/usr/local/lib/node_modules/npm/node_modules/lockfile/lockfile.js:149:38)
10 error     at /usr/local/lib/node_modules/npm/node_modules/lockfile/lockfile.js:177:38
10 error     at Object.oncomplete (fs.js:108:15)
11 error If you need help, you may report this *entire* log,
11 error including the npm and node versions, at:
11 error     <http://github.com/npm/npm/issues>
12 error System Darwin 14.0.0
13 error command "node" "/usr/local/bin/npm" "install" "--save-dev" "6to5ify"
14 error cwd /Volumes/StorageVol/Sites/www/EngineJS
15 error node -v v0.10.35
16 error npm -v 1.4.28
17 verbose exit [ 1, true ]
